Run starting. Expected test count is: 0
AstSuite:
- an assignment to an int literal
- an assignment to an expression 
- a simple if statement
- a small program 1
- a small program 2 *** FAILED ***
  AstSuite.this.checkAst(input, expected, 303) was false (AstSuite.scala:39)
Run completed in 1 second, 329 milliseconds.
Total number of tests run: 5
Suites: completed 1, aborted 0
Tests: succeeded 4, failed 1, canceled 0, ignored 0, pending 0
*** 1 TEST FAILED ***
